<?xml version="1.0" encoding="utf-8"?><testsuites name="pytest tests"><testsuite name="pytest" errors="0" failures="0" skipped="0" tests="10" time="2.119" timestamp="2026-07-06T02:55:12.419050+00:00" hostname="agent-env-6f253446-51b1-479d-98fd-47e2f3cd5a30"><testcase classname="tests.test_iter2_media_paywall.TestWebhook" name="test_invalid_checksum" time="0.247" /><testcase classname="tests.test_iter2_media_paywall.TestPaywallGet" name="test_get_unpaid_returns_402" time="0.324" /><testcase classname="tests.test_iter2_media_paywall.TestPaywallGet" name="test_get_edit_still_works" time="0.141" /><testcase classname="tests.test_iter2_media_paywall.TestWebhook" name="test_valid_checksum_marks_paid" time="0.692" /><testcase classname="tests.test_iter2_media_paywall.TestCheckout" name="test_checkout_valid" time="0.144" /><testcase classname="tests.test_iter2_media_paywall.TestCheckout" name="test_checkout_invalid_token" time="0.096" /><testcase classname="tests.test_iter2_media_paywall.TestConfig" name="test_config" time="0.098" /><testcase classname="tests.test_iter2_media_paywall.TestWebhook" name="test_checkout_already_paid" time="0.091" /><testcase classname="tests.test_iter2_media_paywall.TestMediaUpload" name="test_upload_jpeg" time="0.478" /><testcase classname="tests.test_iter2_media_paywall.TestMediaUpload" name="test_upload_disallowed_type" time="0.092" /></testsuite></testsuites>