<?xml version="1.0" encoding="utf-8"?><testsuites name="pytest tests"><testsuite name="pytest" errors="0" failures="0" skipped="0" tests="11" time="1.748" timestamp="2026-07-04T15:35:36.112243+00:00" hostname="agent-env-6f253446-51b1-479d-98fd-47e2f3cd5a30"><testcase classname="tests.backend_test.TestCreate" name="test_create_valid" time="0.241" /><testcase classname="tests.backend_test.TestCreate" name="test_create_invalid_theme" time="0.140" /><testcase classname="tests.backend_test.TestGetPublic" name="test_get_public_hides_secrets" time="0.453" /><testcase classname="tests.backend_test.TestCreate" name="test_create_missing_required" time="0.142" /><testcase classname="tests.backend_test.TestGetPublic" name="test_get_public_404" time="0.110" /><testcase classname="tests.backend_test.TestUpdate" name="test_update_valid_token" time="0.206" /><testcase classname="tests.backend_test.TestEditGet" name="test_edit_valid_token" time="0.145" /><testcase classname="tests.backend_test.TestEditGet" name="test_edit_invalid_token" time="0.095" /><testcase classname="tests.backend_test.TestUpdate" name="test_update_invalid_token" time="0.152" /><testcase classname="tests.backend_test.TestRsvp" name="test_create_rsvp" time="0.112" /><testcase classname="tests.backend_test.TestRsvp" name="test_rsvp_invitation_not_found" time="0.145" /></testsuite></testsuites>